Build started 17/03/2016 20:04:09.
     1>Project "\\vmwfil04\students$\1502616\Darts\Darts\Darts\Darts.vcxproj" on node 2 (Build target(s)).
     1>ClCompile:
         C:\Program Files (x86)\Microsoft Visual Studio 12.0\VC\bin\CL.exe /c /ZI /nologo /W3 /WX- /sdl /Od /Oy- /D WIN32 /D _DEBUG /D _CONSOLE /D _LIB /D _UNICODE /D UNICODE /Gm /EHsc /RTC1 /MDd /GS /fp:precise /Zc:wchar_t /Zc:forScope /Fo"Debug\\" /Fd"Debug\vc120.pdb" /Gd /TP /analyze- /errorReport:prompt Board.cpp Main.cpp Player.cpp
         Main.cpp
     1>\\vmwfil04\students$\1502616\darts\darts\darts\player.h(6): error C2504: 'GenericPlayer' : base class undefined
         Generating Code...
         Compiling...
         Player.cpp
     1>\\vmwfil04\students$\1502616\darts\darts\darts\player.h(6): error C2504: 'GenericPlayer' : base class undefined
         Generating Code...
         Skipping... (no relevant changes detected)
         Board.cpp
     1>Done Building Project "\\vmwfil04\students$\1502616\Darts\Darts\Darts\Darts.vcxproj" (Build target(s)) -- FAILED.

Build FAILED.

Time Elapsed 00:00:00.77
